\BOOKMARK [1][-]{section.1}{Introduction}{}% 1
\BOOKMARK [1][-]{section.2}{Part 1: Software Verification \046 Analytical Testing}{}% 2
\BOOKMARK [2][-]{subsection.2.1}{Question 1a}{section.2}% 3
\BOOKMARK [3][-]{subsubsection.2.1.1}{Derivation of Diffusion Element Matrix}{subsection.2.1}% 4
\BOOKMARK [3][-]{subsubsection.2.1.2}{Passes Unit Tests}{subsection.2.1}% 5
\BOOKMARK [2][-]{subsection.2.2}{Question 1b}{section.2}% 6
\BOOKMARK [3][-]{subsubsection.2.2.1}{Derivation of Reaction Element Matrix}{subsection.2.2}% 7
\BOOKMARK [3][-]{subsubsection.2.2.2}{Linear Reaction Element Matrix Unit Test}{subsection.2.2}% 8
\BOOKMARK [2][-]{subsection.2.3}{Question 1c}{section.2}% 9
\BOOKMARK [3][-]{subsubsection.2.3.1}{Solving Laplace With Dirichlet Boundaries}{subsection.2.3}% 10
\BOOKMARK [3][-]{subsubsection.2.3.2}{Add a Neumann Boundary}{subsection.2.3}% 11
\BOOKMARK [2][-]{subsection.2.4}{Question 1d}{section.2}% 12
\BOOKMARK [1][-]{section.3}{Part 2}{}% 13
\BOOKMARK [2][-]{subsection.3.1}{Question 2a}{section.3}% 14
\BOOKMARK [3][-]{subsubsection.3.1.1}{Setting The Equation}{subsection.3.1}% 15
\BOOKMARK [3][-]{subsubsection.3.1.2}{Effect of Varying Liquid Flow Rate}{subsection.3.1}% 16
\BOOKMARK [3][-]{subsubsection.3.1.3}{Effect of Varying Liquid Temperature}{subsection.3.1}% 17
\BOOKMARK [3][-]{subsubsection.3.1.4}{Effect of Mesh Size}{subsection.3.1}% 18
\BOOKMARK [2][-]{subsection.3.2}{Question 2b}{section.3}% 19
\BOOKMARK [3][-]{subsubsection.3.2.1}{Derivation of Linear Source Term}{subsection.3.2}% 20
\BOOKMARK [3][-]{subsubsection.3.2.2}{Linear Source Results}{subsection.3.2}% 21
\BOOKMARK [1][-]{section*.16}{Appendices}{}% 22
\BOOKMARK [1][-]{Appendix.1.A}{Laplace Element Matrix Code}{}% 23
\BOOKMARK [1][-]{Appendix.1.B}{CourseworkOneUnitTest.m}{}% 24
\BOOKMARK [1][-]{Appendix.1.C}{Linear Reaction Element Matrix Code}{}% 25
\BOOKMARK [1][-]{Appendix.1.D}{Linear Reaction Element Matrix Test}{}% 26
\BOOKMARK [1][-]{Appendix.1.E}{Apply Boundary Condition Code}{}% 27
\BOOKMARK [1][-]{Appendix.1.F}{Static Diffusion-Reaction Solver Code}{}% 28
\BOOKMARK [1][-]{Appendix.1.G}{Source Vector Generator}{}% 29
\BOOKMARK [1][-]{Appendix.1.H}{Linear Source Vector}{}% 30
